<?xml version="1.0" encoding="UTF-8"?>
<!-- Generated by org.testng.reporters.JUnitReportReporter -->
<testsuite hostname="Design-1" failures="0" tests="3" name="Test.LoginPageTest" time="14.067" errors="0" timestamp="2022-06-14T09:29:09 GMT+05:30" skipped="0">
  <testcase classname="Test.LoginPageTest" name="signUpLinkTest" time="4.390"/>
  <system-out/>
  <testcase classname="Test.LoginPageTest" name="forgetPasswordLinkTest" time="4.425"/>
  <system-out/>
  <testcase classname="Test.LoginPageTest" name="loginWithValidCredentialsTest" time="5.252"/>
  <system-out/>
</testsuite> <!-- Test.LoginPageTest -->
