<?xml version="1.0" encoding="UTF-8"?>
<!-- Generated by org.testng.reporters.JUnitReportReporter -->
<testsuite hostname="Design-1" failures="0" tests="1" name="Test.Stock" time="28.014" errors="0" timestamp="2022-06-15T10:19:54 GMT+05:30" skipped="0">
  <testcase classname="Test.Stock" name="loginWithValidCredentialsTest" time="28.014"/>
  <system-out/>
</testsuite> <!-- Test.Stock -->
