<?xml version="1.0" encoding="UTF-8"?>
<!-- Generated by org.testng.reporters.JUnitReportReporter -->
<testsuite hostname="Design-1" failures="0" tests="1" name="Test.PinPageTest" time="15.487" errors="0" timestamp="2022-06-15T10:49:23 GMT+05:30" skipped="0">
  <testcase classname="Test.PinPageTest" name="loginWithValidCredentialsTest" time="15.487"/>
  <system-out/>
</testsuite> <!-- Test.PinPageTest -->
