<?xml version="1.0" encoding="UTF-8"?>
<!-- Generated by org.testng.reporters.JUnitReportReporter -->
<testsuite hostname="Design-1" failures="0" tests="1" name="Test.LoginPageTest2" time="10.020" errors="0" timestamp="2022-06-14T14:19:12 GMT+05:30" skipped="0">
  <testcase classname="Test.LoginPageTest2" name="loginWithValidCredentialsTest" time="10.020"/>
  <system-out/>
</testsuite> <!-- Test.LoginPageTest2 -->
